c:\users\lukio\source\repos\pm_2022\unidad 2\pm_clase_equipo_1\debug\pm_clase_equipo_1.exe
c:\users\lukio\source\repos\pm_2022\unidad 2\pm_clase_equipo_1\pm_clase_equipo_1\debug\pm_clase_equipo_1.ilk
c:\users\lukio\source\repos\pm_2022\unidad 2\pm_clase_equipo_1\debug\pm_clase_equipo_1.pdb
c:\users\lukio\source\repos\pm_2022\unidad 2\pm_clase_equipo_1\pm_clase_equipo_1\debug\e_1_areatriangulo.obj
c:\users\lukio\source\repos\pm_2022\unidad 2\pm_clase_equipo_1\pm_clase_equipo_1\debug\e_2_calcularcuadradonumero.obj
c:\users\lukio\source\repos\pm_2022\unidad 2\pm_clase_equipo_1\pm_clase_equipo_1\debug\e_3_perimetrorectangulo.obj
c:\users\lukio\source\repos\pm_2022\unidad 2\pm_clase_equipo_1\pm_clase_equipo_1\debug\e_4_areapentagono.obj
c:\users\lukio\source\repos\pm_2022\unidad 2\pm_clase_equipo_1\pm_clase_equipo_1\debug\e_5_sueldotrabajadorv2.obj
c:\users\lukio\source\repos\pm_2022\unidad 2\pm_clase_equipo_1\pm_clase_equipo_1\debug\p_0_plantilla.obj
c:\users\lukio\source\repos\pm_2022\unidad 2\pm_clase_equipo_1\pm_clase_equipo_1\debug\p_1_condicionales.obj
c:\users\lukio\source\repos\pm_2022\unidad 2\pm_clase_equipo_1\pm_clase_equipo_1\debug\p_2_checarnumeroespar.obj
c:\users\lukio\source\repos\pm_2022\unidad 2\pm_clase_equipo_1\pm_clase_equipo_1\debug\p_3_lecturanumeros.obj
c:\users\lukio\source\repos\pm_2022\unidad 2\pm_clase_equipo_1\pm_clase_equipo_1\debug\p_4_escrituraconsola.obj
c:\users\lukio\source\repos\pm_2022\unidad 2\pm_clase_equipo_1\pm_clase_equipo_1\debug\p_5_sumadosnumeros.obj
c:\users\lukio\source\repos\pm_2022\unidad 2\pm_clase_equipo_1\pm_clase_equipo_1\debug\p_6_promedio_3numeros_.obj
c:\users\lukio\source\repos\pm_2022\unidad 2\pm_clase_equipo_1\pm_clase_equipo_1\debug\p_7_arearectangulo.obj
c:\users\lukio\source\repos\pm_2022\unidad 2\pm_clase_equipo_1\pm_clase_equipo_1\debug\p_8_puntomedio.obj
c:\irvine
c:\users\lukio\source\repos\pm_2022\unidad 2\pm_clase_equipo_1\pm_clase_equipo_1\debug\pm_clase.b55882f1.tlog\link.command.1.tlog
c:\users\lukio\source\repos\pm_2022\unidad 2\pm_clase_equipo_1\pm_clase_equipo_1\debug\pm_clase.b55882f1.tlog\link.read.1.tlog
c:\users\lukio\source\repos\pm_2022\unidad 2\pm_clase_equipo_1\pm_clase_equipo_1\debug\pm_clase.b55882f1.tlog\link.write.1.tlog
c:\users\lukio\source\repos\pm_2022\unidad 2\pm_clase_equipo_1\pm_clase_equipo_1\debug\pm_clase.b55882f1.tlog\masm.read.1u.tlog
c:\users\lukio\source\repos\pm_2022\unidad 2\pm_clase_equipo_1\pm_clase_equipo_1\debug\pm_clase.b55882f1.tlog\masm.write.1u.tlog
c:\users\lukio\source\repos\pm_2022\unidad 2\pm_clase_equipo_1\pm_clase_equipo_1\debug\pm_clase.b55882f1.tlog\pm_clase_equipo_1.write.1u.tlog
